<?xml version="1.0" encoding="UTF-8"?>
<!-- Generated by org.testng.reporters.JUnitXMLReporter -->
<testsuite ignored="0" hostname="DESKTOP-A74UFH0" failures="1" tests="1" name="Surefire test" time="5.601" errors="0" timestamp="2023-06-12T12:50:43 EDT">
  <testcase classname="io.cucumber.testng.AbstractTestNGCucumberTests" name="runScenario" time="5.049">
    <failure type="java.lang.IllegalArgumentException" message="Keys to send should be a not null CharSequence">
      <![CDATA[java.lang.IllegalArgumentException: Keys to send should be a not null CharSequence
at org.openqa.selenium.remote.RemoteWebElement.sendKeys(RemoteWebElement.java:98)
at org.openqa.selenium.support.pagefactory.internal.LocatingElementHandler.invoke(LocatingElementHandler.java:52)
at jdk.proxy2/jdk.proxy2.$Proxy25.sendKeys(Unknown Source)
at pageObject.LoginPage.enterUsername(LoginPage.java:46)
at stepDef.LoginSteps.userEntersUsernameAndPassword(LoginSteps.java:15)
at ✽.user enters username and password(file:///C:/Users/anozi/Documents/Automation-Hasan/Final_Project/src/test/java/features/login.feature:6)
... Removed 4 stack frames]]>
    </failure>
  </testcase> <!-- runScenario -->
</testsuite> <!-- Surefire test -->
